<?xml version="1.0" encoding="UTF-8"?>
<!-- Generated by org.testng.reporters.JUnitReportReporter -->
<testsuite hostname="Biswa" failures="0" tests="1" name="automation.testScript.AlertHandlingTest" time="32.228" errors="0" timestamp="2022-09-28T12:11:58 IST" skipped="0">
  <testcase classname="automation.testScript.AlertHandlingTest" name="handleAlert" time="32.228"/>
  <system-out/>
</testsuite> <!-- automation.testScript.AlertHandlingTest -->
