<?xml version="1.0" encoding="UTF-8"?>
<!-- Generated by org.testng.reporters.JUnitReportReporter -->
<testsuite hostname="Biswa" failures="0" tests="1" name="automation.testScript.ReportTest" time="48.768" errors="0" timestamp="2022-09-28T12:11:58 IST" skipped="0">
  <testcase classname="automation.testScript.ReportTest" name="title" time="48.768"/>
  <system-out/>
</testsuite> <!-- automation.testScript.ReportTest -->
