<?xml version="1.0" encoding="UTF-8"?>
<!-- Generated by org.testng.reporters.JUnitReportReporter -->
<testsuite hostname="Biswa" failures="0" tests="1" name="automation.testScript.CreateCustomerTest" time="38.281" errors="0" timestamp="2022-09-28T12:11:58 IST" skipped="0">
  <testcase classname="automation.testScript.CreateCustomerTest" name="createCust" time="38.281"/>
  <system-out/>
</testsuite> <!-- automation.testScript.CreateCustomerTest -->
